------------------------------------------------------------------------------------
Start Round 0:
The number of Known 100
The number of Positive Agreed-Unknwon 0
The number of Negative Agreed-Unknwon  0
The number of Unknown Agreed-Unknwon  0
Epoch 1/10

  0%|          | 0/7 [00:00<?, ?it/s]
 14%|█▍        | 1/7 [00:01<00:08,  1.37s/it]
 29%|██▊       | 2/7 [00:02<00:04,  1.03it/s]
 43%|████▎     | 3/7 [00:02<00:02,  1.40it/s]
 57%|█████▋    | 4/7 [00:02<00:01,  1.68it/s]
 71%|███████▏  | 5/7 [00:03<00:01,  1.89it/s]
 86%|████████▌ | 6/7 [00:03<00:00,  2.05it/s]
100%|██████████| 7/7 [00:03<00:00,  2.67it/s]
100%|██████████| 7/7 [00:03<00:00,  1.80it/s]
Epoch: 0, Macro F1: 0.3007
Epoch 2/10

  0%|          | 0/7 [00:00<?, ?it/s]
 14%|█▍        | 1/7 [00:00<00:03,  1.96it/s]
 29%|██▊       | 2/7 [00:00<00:02,  2.20it/s]
 43%|████▎     | 3/7 [00:01<00:01,  2.31it/s]
 57%|█████▋    | 4/7 [00:01<00:01,  2.35it/s]
 71%|███████▏  | 5/7 [00:02<00:00,  2.38it/s]
 86%|████████▌ | 6/7 [00:02<00:00,  2.40it/s]
100%|██████████| 7/7 [00:02<00:00,  3.08it/s]
100%|██████████| 7/7 [00:02<00:00,  2.53it/s]
Epoch: 1, Macro F1: 0.3007
Epoch 3/10

  0%|          | 0/7 [00:00<?, ?it/s]
 14%|█▍        | 1/7 [00:00<00:03,  1.96it/s]
 29%|██▊       | 2/7 [00:00<00:02,  2.21it/s]
 43%|████▎     | 3/7 [00:01<00:01,  2.31it/s]
 57%|█████▋    | 4/7 [00:01<00:01,  2.35it/s]
 71%|███████▏  | 5/7 [00:02<00:00,  2.38it/s]
 86%|████████▌ | 6/7 [00:02<00:00,  2.40it/s]
100%|██████████| 7/7 [00:02<00:00,  3.07it/s]
100%|██████████| 7/7 [00:02<00:00,  2.53it/s]
Epoch: 2, Macro F1: 0.3007
Epoch 4/10

  0%|          | 0/7 [00:00<?, ?it/s]
 14%|█▍        | 1/7 [00:00<00:03,  1.95it/s]
 29%|██▊       | 2/7 [00:00<00:02,  2.21it/s]
 43%|████▎     | 3/7 [00:01<00:01,  2.31it/s]
 57%|█████▋    | 4/7 [00:01<00:01,  2.35it/s]
 71%|███████▏  | 5/7 [00:02<00:00,  2.38it/s]
 86%|████████▌ | 6/7 [00:02<00:00,  2.39it/s]
100%|██████████| 7/7 [00:02<00:00,  3.07it/s]
100%|██████████| 7/7 [00:02<00:00,  2.51it/s]
Epoch: 3, Macro F1: 0.3148
Epoch 5/10

  0%|          | 0/7 [00:00<?, ?it/s]
 14%|█▍        | 1/7 [00:00<00:03,  1.93it/s]
 29%|██▊       | 2/7 [00:00<00:02,  2.20it/s]
 43%|████▎     | 3/7 [00:01<00:01,  2.30it/s]
 57%|█████▋    | 4/7 [00:01<00:01,  2.35it/s]
 71%|███████▏  | 5/7 [00:02<00:00,  2.38it/s]
 86%|████████▌ | 6/7 [00:02<00:00,  2.40it/s]
100%|██████████| 7/7 [00:02<00:00,  3.07it/s]
100%|██████████| 7/7 [00:02<00:00,  2.50it/s]
Epoch: 4, Macro F1: 0.3333
Epoch 6/10

  0%|          | 0/7 [00:00<?, ?it/s]
 14%|█▍        | 1/7 [00:00<00:03,  1.64it/s]
 29%|██▊       | 2/7 [00:01<00:02,  2.02it/s]
 43%|████▎     | 3/7 [00:01<00:01,  2.19it/s]
 57%|█████▋    | 4/7 [00:01<00:01,  2.28it/s]
 71%|███████▏  | 5/7 [00:02<00:00,  2.34it/s]
 86%|████████▌ | 6/7 [00:02<00:00,  2.37it/s]
100%|██████████| 7/7 [00:02<00:00,  3.03it/s]
100%|██████████| 7/7 [00:02<00:00,  2.44it/s]
Epoch: 5, Macro F1: 0.5104
Epoch 7/10

  0%|          | 0/7 [00:00<?, ?it/s]
 14%|█▍        | 1/7 [00:00<00:03,  1.81it/s]
 29%|██▊       | 2/7 [00:00<00:02,  2.12it/s]
 43%|████▎     | 3/7 [00:01<00:01,  2.25it/s]
 57%|█████▋    | 4/7 [00:01<00:01,  2.31it/s]
 71%|███████▏  | 5/7 [00:02<00:00,  2.34it/s]
 86%|████████▌ | 6/7 [00:02<00:00,  2.36it/s]
100%|██████████| 7/7 [00:02<00:00,  3.02it/s]
100%|██████████| 7/7 [00:02<00:00,  2.44it/s]
Epoch: 6, Macro F1: 0.5169
Epoch 8/10

  0%|          | 0/7 [00:00<?, ?it/s]
 14%|█▍        | 1/7 [00:00<00:03,  1.97it/s]
 29%|██▊       | 2/7 [00:00<00:02,  2.22it/s]
 43%|████▎     | 3/7 [00:01<00:01,  2.31it/s]
 57%|█████▋    | 4/7 [00:01<00:01,  2.35it/s]
 71%|███████▏  | 5/7 [00:02<00:00,  2.38it/s]
 86%|████████▌ | 6/7 [00:02<00:00,  2.40it/s]
100%|██████████| 7/7 [00:02<00:00,  3.06it/s]
100%|██████████| 7/7 [00:02<00:00,  2.51it/s]
Epoch: 7, Macro F1: 0.4992
Epoch 9/10

  0%|          | 0/7 [00:00<?, ?it/s]
 14%|█▍        | 1/7 [00:00<00:03,  1.92it/s]
 29%|██▊       | 2/7 [00:00<00:02,  2.18it/s]
 43%|████▎     | 3/7 [00:01<00:01,  2.29it/s]
 57%|█████▋    | 4/7 [00:01<00:01,  2.34it/s]
 71%|███████▏  | 5/7 [00:02<00:00,  2.36it/s]
 86%|████████▌ | 6/7 [00:02<00:00,  2.38it/s]
100%|██████████| 7/7 [00:02<00:00,  3.04it/s]
100%|██████████| 7/7 [00:02<00:00,  2.47it/s]
Epoch: 8, Macro F1: 0.5281
Epoch 10/10

  0%|          | 0/7 [00:00<?, ?it/s]
 14%|█▍        | 1/7 [00:00<00:03,  1.86it/s]
 29%|██▊       | 2/7 [00:00<00:02,  2.15it/s]
 43%|████▎     | 3/7 [00:01<00:01,  2.27it/s]
 57%|█████▋    | 4/7 [00:01<00:01,  2.32it/s]
 71%|███████▏  | 5/7 [00:02<00:00,  2.36it/s]
 86%|████████▌ | 6/7 [00:02<00:00,  2.38it/s]
100%|██████████| 7/7 [00:02<00:00,  3.04it/s]
100%|██████████| 7/7 [00:02<00:00,  2.46it/s]
Epoch: 9, Macro F1: 0.4415
Model saved with the best Macro-F1 score on eval set: 0.5281
  Round 0 topk pseudo labeled unknown evalutaion: 
  Accuracy        = 0.7850
  Macro F1        = 0.7723
  F1 (pos)        = 0.7184
  Precision (pos) = 0.6331
  Recall (pos)    = 0.8302
  Roc Auc         = 0.7965

  Round 0 test set evalutaion: 
  Accuracy = 0.5900
  Macro F1 = 0.5627
  Roc AUC = 0.5631
  F1 (pos) = 0.4533
  Precision (pos) = 0.4474
  Recall (pos) = 0.4595

------------------------------------------------------------------------------------
Start Round 1
The number of Known 100
The number of Positive Agreed-Unknwon 139
The number of Negative Agreed-Unknwon  182
The number of Unknown Agreed-Unknwon  177
Epoch 1/10

  0%|          | 0/38 [00:00<?, ?it/s]
  3%|▎         | 1/38 [00:01<00:52,  1.41s/it]
  5%|▌         | 2/38 [00:01<00:29,  1.21it/s]
  8%|▊         | 3/38 [00:02<00:22,  1.57it/s]
 11%|█         | 4/38 [00:02<00:18,  1.82it/s]
 13%|█▎        | 5/38 [00:03<00:16,  1.99it/s]
 16%|█▌        | 6/38 [00:03<00:15,  2.11it/s]
 18%|█▊        | 7/38 [00:03<00:14,  2.19it/s]
 21%|██        | 8/38 [00:04<00:13,  2.26it/s]
 24%|██▎       | 9/38 [00:04<00:12,  2.30it/s]
Batch 10/38 - Loss: 1.2527

 26%|██▋       | 10/38 [00:05<00:11,  2.33it/s]
 29%|██▉       | 11/38 [00:05<00:11,  2.36it/s]
 32%|███▏      | 12/38 [00:05<00:10,  2.37it/s]
 34%|███▍      | 13/38 [00:06<00:10,  2.38it/s]
 37%|███▋      | 14/38 [00:06<00:10,  2.39it/s]
 39%|███▉      | 15/38 [00:07<00:09,  2.38it/s]
 42%|████▏     | 16/38 [00:07<00:09,  2.39it/s]
 45%|████▍     | 17/38 [00:08<00:08,  2.39it/s]
 47%|████▋     | 18/38 [00:08<00:08,  2.40it/s]
 50%|█████     | 19/38 [00:08<00:07,  2.40it/s]
Batch 20/38 - Loss: 1.2194

 53%|█████▎    | 20/38 [00:09<00:07,  2.40it/s]
 55%|█████▌    | 21/38 [00:09<00:07,  2.40it/s]
 58%|█████▊    | 22/38 [00:10<00:06,  2.41it/s]
 61%|██████    | 23/38 [00:10<00:06,  2.41it/s]
 63%|██████▎   | 24/38 [00:10<00:05,  2.41it/s]
 66%|██████▌   | 25/38 [00:11<00:05,  2.41it/s]
 68%|██████▊   | 26/38 [00:11<00:04,  2.41it/s]
 71%|███████   | 27/38 [00:12<00:04,  2.40it/s]
 74%|███████▎  | 28/38 [00:12<00:04,  2.40it/s]
 76%|███████▋  | 29/38 [00:13<00:03,  2.40it/s]
Batch 30/38 - Loss: 1.1857

 79%|███████▉  | 30/38 [00:13<00:03,  2.39it/s]
 82%|████████▏ | 31/38 [00:13<00:02,  2.39it/s]
 84%|████████▍ | 32/38 [00:14<00:02,  2.40it/s]
 87%|████████▋ | 33/38 [00:14<00:02,  2.39it/s]
 89%|████████▉ | 34/38 [00:15<00:01,  2.40it/s]
 92%|█████████▏| 35/38 [00:15<00:01,  2.40it/s]
 95%|█████████▍| 36/38 [00:15<00:00,  2.40it/s]
 97%|█████████▋| 37/38 [00:16<00:00,  2.40it/s]
100%|██████████| 38/38 [00:16<00:00,  2.87it/s]
100%|██████████| 38/38 [00:16<00:00,  2.28it/s]

Epoch: 0, Macro F1: 0.3631
Epoch 2/10

  0%|          | 0/38 [00:00<?, ?it/s]
  3%|▎         | 1/38 [00:00<00:19,  1.88it/s]
  5%|▌         | 2/38 [00:00<00:16,  2.16it/s]
  8%|▊         | 3/38 [00:01<00:15,  2.27it/s]
 11%|█         | 4/38 [00:01<00:14,  2.33it/s]
 13%|█▎        | 5/38 [00:02<00:13,  2.36it/s]
 16%|█▌        | 6/38 [00:02<00:13,  2.38it/s]
 18%|█▊        | 7/38 [00:03<00:12,  2.39it/s]
 21%|██        | 8/38 [00:03<00:12,  2.40it/s]
 24%|██▎       | 9/38 [00:03<00:12,  2.41it/s]
Batch 10/38 - Loss: 1.1409

 26%|██▋       | 10/38 [00:04<00:11,  2.41it/s]
 29%|██▉       | 11/38 [00:04<00:11,  2.41it/s]
 32%|███▏      | 12/38 [00:05<00:10,  2.42it/s]
 34%|███▍      | 13/38 [00:05<00:10,  2.42it/s]
 37%|███▋      | 14/38 [00:05<00:09,  2.42it/s]
 39%|███▉      | 15/38 [00:06<00:09,  2.42it/s]
 42%|████▏     | 16/38 [00:06<00:09,  2.42it/s]
 45%|████▍     | 17/38 [00:07<00:08,  2.42it/s]
 47%|████▋     | 18/38 [00:07<00:08,  2.42it/s]
 50%|█████     | 19/38 [00:07<00:07,  2.42it/s]
Batch 20/38 - Loss: 1.1264

 53%|█████▎    | 20/38 [00:08<00:07,  2.42it/s]
 55%|█████▌    | 21/38 [00:08<00:07,  2.42it/s]
 58%|█████▊    | 22/38 [00:09<00:06,  2.42it/s]
 61%|██████    | 23/38 [00:09<00:06,  2.42it/s]
 63%|██████▎   | 24/38 [00:10<00:05,  2.42it/s]
 66%|██████▌   | 25/38 [00:10<00:05,  2.42it/s]
 68%|██████▊   | 26/38 [00:10<00:04,  2.42it/s]
 71%|███████   | 27/38 [00:11<00:04,  2.42it/s]
 74%|███████▎  | 28/38 [00:11<00:04,  2.42it/s]
 76%|███████▋  | 29/38 [00:12<00:03,  2.42it/s]
Batch 30/38 - Loss: 1.0930

 79%|███████▉  | 30/38 [00:12<00:03,  2.42it/s]
 82%|████████▏ | 31/38 [00:12<00:02,  2.42it/s]
 84%|████████▍ | 32/38 [00:13<00:02,  2.42it/s]
 87%|████████▋ | 33/38 [00:13<00:02,  2.40it/s]
 89%|████████▉ | 34/38 [00:14<00:01,  2.41it/s]
 92%|█████████▏| 35/38 [00:14<00:01,  2.41it/s]
 95%|█████████▍| 36/38 [00:15<00:00,  2.41it/s]
 97%|█████████▋| 37/38 [00:15<00:00,  2.42it/s]
100%|██████████| 38/38 [00:15<00:00,  2.88it/s]
100%|██████████| 38/38 [00:15<00:00,  2.41it/s]

Epoch: 1, Macro F1: 0.3631
Epoch 3/10

  0%|          | 0/38 [00:00<?, ?it/s]
  3%|▎         | 1/38 [00:00<00:19,  1.86it/s]
  5%|▌         | 2/38 [00:00<00:16,  2.16it/s]
  8%|▊         | 3/38 [00:01<00:15,  2.27it/s]
 11%|█         | 4/38 [00:01<00:14,  2.33it/s]
 13%|█▎        | 5/38 [00:02<00:13,  2.36it/s]
 16%|█▌        | 6/38 [00:02<00:13,  2.38it/s]
 18%|█▊        | 7/38 [00:03<00:12,  2.39it/s]
 21%|██        | 8/38 [00:03<00:12,  2.39it/s]
 24%|██▎       | 9/38 [00:03<00:12,  2.40it/s]
Batch 10/38 - Loss: 1.0731

 26%|██▋       | 10/38 [00:04<00:11,  2.40it/s]
 29%|██▉       | 11/38 [00:04<00:11,  2.40it/s]
 32%|███▏      | 12/38 [00:05<00:10,  2.40it/s]
 34%|███▍      | 13/38 [00:05<00:10,  2.40it/s]
 37%|███▋      | 14/38 [00:05<00:09,  2.40it/s]
 39%|███▉      | 15/38 [00:06<00:09,  2.40it/s]
 42%|████▏     | 16/38 [00:06<00:09,  2.40it/s]
 45%|████▍     | 17/38 [00:07<00:08,  2.40it/s]
 47%|████▋     | 18/38 [00:07<00:08,  2.41it/s]
 50%|█████     | 19/38 [00:08<00:07,  2.41it/s]
Batch 20/38 - Loss: 1.0899

 53%|█████▎    | 20/38 [00:08<00:07,  2.40it/s]
 55%|█████▌    | 21/38 [00:08<00:07,  2.40it/s]
 58%|█████▊    | 22/38 [00:09<00:06,  2.41it/s]
 61%|██████    | 23/38 [00:09<00:06,  2.40it/s]
 63%|██████▎   | 24/38 [00:10<00:05,  2.40it/s]
 66%|██████▌   | 25/38 [00:10<00:05,  2.40it/s]
 68%|██████▊   | 26/38 [00:10<00:04,  2.41it/s]
 71%|███████   | 27/38 [00:11<00:04,  2.41it/s]
 74%|███████▎  | 28/38 [00:11<00:04,  2.42it/s]
 76%|███████▋  | 29/38 [00:12<00:03,  2.42it/s]
Batch 30/38 - Loss: 1.0851

 79%|███████▉  | 30/38 [00:12<00:03,  2.42it/s]
 82%|████████▏ | 31/38 [00:12<00:02,  2.42it/s]
 84%|████████▍ | 32/38 [00:13<00:02,  2.42it/s]
 87%|████████▋ | 33/38 [00:13<00:02,  2.42it/s]
 89%|████████▉ | 34/38 [00:14<00:01,  2.42it/s]
 92%|█████████▏| 35/38 [00:14<00:01,  2.42it/s]
 95%|█████████▍| 36/38 [00:15<00:00,  2.42it/s]
 97%|█████████▋| 37/38 [00:15<00:00,  2.42it/s]
100%|██████████| 38/38 [00:15<00:00,  2.89it/s]
100%|██████████| 38/38 [00:15<00:00,  2.41it/s]
Epoch: 2, Macro F1: 0.4518
Epoch 4/10

  0%|          | 0/38 [00:00<?, ?it/s]
  3%|▎         | 1/38 [00:00<00:18,  1.96it/s]
  5%|▌         | 2/38 [00:00<00:16,  2.21it/s]
  8%|▊         | 3/38 [00:01<00:15,  2.30it/s]
 11%|█         | 4/38 [00:01<00:14,  2.35it/s]
 13%|█▎        | 5/38 [00:02<00:13,  2.38it/s]
 16%|█▌        | 6/38 [00:02<00:13,  2.39it/s]
 18%|█▊        | 7/38 [00:02<00:12,  2.40it/s]
 21%|██        | 8/38 [00:03<00:12,  2.41it/s]
 24%|██▎       | 9/38 [00:03<00:12,  2.42it/s]
Batch 10/38 - Loss: 0.9962

 26%|██▋       | 10/38 [00:04<00:11,  2.41it/s]
 29%|██▉       | 11/38 [00:04<00:11,  2.41it/s]
 32%|███▏      | 12/38 [00:05<00:10,  2.41it/s]
 34%|███▍      | 13/38 [00:05<00:10,  2.41it/s]
 37%|███▋      | 14/38 [00:05<00:09,  2.41it/s]
 39%|███▉      | 15/38 [00:06<00:09,  2.41it/s]
 42%|████▏     | 16/38 [00:06<00:09,  2.41it/s]
 45%|████▍     | 17/38 [00:07<00:08,  2.41it/s]
 47%|████▋     | 18/38 [00:07<00:08,  2.41it/s]
 50%|█████     | 19/38 [00:07<00:07,  2.41it/s]
Batch 20/38 - Loss: 1.0289

 53%|█████▎    | 20/38 [00:08<00:07,  2.40it/s]
 55%|█████▌    | 21/38 [00:08<00:07,  2.41it/s]
 58%|█████▊    | 22/38 [00:09<00:06,  2.41it/s]
 61%|██████    | 23/38 [00:09<00:06,  2.41it/s]
 63%|██████▎   | 24/38 [00:10<00:05,  2.42it/s]
 66%|██████▌   | 25/38 [00:10<00:05,  2.42it/s]
 68%|██████▊   | 26/38 [00:10<00:04,  2.42it/s]
 71%|███████   | 27/38 [00:11<00:04,  2.42it/s]
 74%|███████▎  | 28/38 [00:11<00:04,  2.42it/s]
 76%|███████▋  | 29/38 [00:12<00:03,  2.42it/s]
Batch 30/38 - Loss: 1.0576

 79%|███████▉  | 30/38 [00:12<00:03,  2.42it/s]
 82%|████████▏ | 31/38 [00:12<00:02,  2.43it/s]
 84%|████████▍ | 32/38 [00:13<00:02,  2.43it/s]
 87%|████████▋ | 33/38 [00:13<00:02,  2.43it/s]
 89%|████████▉ | 34/38 [00:14<00:01,  2.43it/s]
 92%|█████████▏| 35/38 [00:14<00:01,  2.43it/s]
 95%|█████████▍| 36/38 [00:14<00:00,  2.43it/s]
 97%|█████████▋| 37/38 [00:15<00:00,  2.43it/s]
100%|██████████| 38/38 [00:15<00:00,  2.90it/s]
100%|██████████| 38/38 [00:15<00:00,  2.43it/s]
Epoch: 3, Macro F1: 0.5559
Epoch 5/10

  0%|          | 0/38 [00:00<?, ?it/s]
  3%|▎         | 1/38 [00:00<00:19,  1.94it/s]
  5%|▌         | 2/38 [00:00<00:16,  2.19it/s]
  8%|▊         | 3/38 [00:01<00:15,  2.30it/s]
 11%|█         | 4/38 [00:01<00:14,  2.35it/s]
 13%|█▎        | 5/38 [00:02<00:13,  2.36it/s]
 16%|█▌        | 6/38 [00:02<00:13,  2.38it/s]
 18%|█▊        | 7/38 [00:02<00:12,  2.40it/s]
 21%|██        | 8/38 [00:03<00:12,  2.41it/s]
 24%|██▎       | 9/38 [00:03<00:12,  2.41it/s]
Batch 10/38 - Loss: 1.0083

 26%|██▋       | 10/38 [00:04<00:11,  2.41it/s]
 29%|██▉       | 11/38 [00:04<00:11,  2.42it/s]
 32%|███▏      | 12/38 [00:05<00:10,  2.42it/s]
 34%|███▍      | 13/38 [00:05<00:10,  2.42it/s]
 37%|███▋      | 14/38 [00:05<00:09,  2.42it/s]
 39%|███▉      | 15/38 [00:06<00:09,  2.43it/s]
 42%|████▏     | 16/38 [00:06<00:09,  2.43it/s]
 45%|████▍     | 17/38 [00:07<00:08,  2.43it/s]
 47%|████▋     | 18/38 [00:07<00:08,  2.43it/s]
 50%|█████     | 19/38 [00:07<00:07,  2.43it/s]
Batch 20/38 - Loss: 1.0003

 53%|█████▎    | 20/38 [00:08<00:07,  2.43it/s]
 55%|█████▌    | 21/38 [00:08<00:07,  2.43it/s]
 58%|█████▊    | 22/38 [00:09<00:06,  2.43it/s]
 61%|██████    | 23/38 [00:09<00:06,  2.43it/s]
 63%|██████▎   | 24/38 [00:09<00:05,  2.43it/s]
 66%|██████▌   | 25/38 [00:10<00:05,  2.43it/s]
 68%|██████▊   | 26/38 [00:10<00:04,  2.43it/s]
 71%|███████   | 27/38 [00:11<00:04,  2.43it/s]
 74%|███████▎  | 28/38 [00:11<00:04,  2.43it/s]
 76%|███████▋  | 29/38 [00:12<00:03,  2.43it/s]
Batch 30/38 - Loss: 0.9806

 79%|███████▉  | 30/38 [00:12<00:03,  2.42it/s]
 82%|████████▏ | 31/38 [00:12<00:02,  2.43it/s]
 84%|████████▍ | 32/38 [00:13<00:02,  2.43it/s]
 87%|████████▋ | 33/38 [00:13<00:02,  2.43it/s]
 89%|████████▉ | 34/38 [00:14<00:01,  2.43it/s]
 92%|█████████▏| 35/38 [00:14<00:01,  2.43it/s]
 95%|█████████▍| 36/38 [00:14<00:00,  2.43it/s]
 97%|█████████▋| 37/38 [00:15<00:00,  2.43it/s]
100%|██████████| 38/38 [00:15<00:00,  2.90it/s]
100%|██████████| 38/38 [00:15<00:00,  2.43it/s]
Epoch: 4, Macro F1: 0.5634
Epoch 6/10

  0%|          | 0/38 [00:00<?, ?it/s]
  3%|▎         | 1/38 [00:00<00:18,  1.95it/s]
  5%|▌         | 2/38 [00:00<00:16,  2.20it/s]
  8%|▊         | 3/38 [00:01<00:15,  2.30it/s]
 11%|█         | 4/38 [00:01<00:14,  2.35it/s]
 13%|█▎        | 5/38 [00:02<00:13,  2.38it/s]
 16%|█▌        | 6/38 [00:02<00:13,  2.40it/s]
 18%|█▊        | 7/38 [00:02<00:12,  2.41it/s]
 21%|██        | 8/38 [00:03<00:12,  2.41it/s]
 24%|██▎       | 9/38 [00:03<00:11,  2.42it/s]
Batch 10/38 - Loss: 1.0363

 26%|██▋       | 10/38 [00:04<00:11,  2.42it/s]
 29%|██▉       | 11/38 [00:04<00:11,  2.42it/s]
 32%|███▏      | 12/38 [00:05<00:10,  2.43it/s]
 34%|███▍      | 13/38 [00:05<00:10,  2.43it/s]
 37%|███▋      | 14/38 [00:05<00:09,  2.43it/s]
 39%|███▉      | 15/38 [00:06<00:09,  2.43it/s]
 42%|████▏     | 16/38 [00:06<00:09,  2.43it/s]
 45%|████▍     | 17/38 [00:07<00:08,  2.43it/s]
 47%|████▋     | 18/38 [00:07<00:08,  2.43it/s]
 50%|█████     | 19/38 [00:07<00:07,  2.43it/s]
Batch 20/38 - Loss: 0.9793

 53%|█████▎    | 20/38 [00:08<00:07,  2.43it/s]
 55%|█████▌    | 21/38 [00:08<00:06,  2.43it/s]
 58%|█████▊    | 22/38 [00:09<00:06,  2.43it/s]
 61%|██████    | 23/38 [00:09<00:06,  2.43it/s]
 63%|██████▎   | 24/38 [00:09<00:05,  2.42it/s]
 66%|██████▌   | 25/38 [00:10<00:05,  2.42it/s]
 68%|██████▊   | 26/38 [00:10<00:04,  2.42it/s]
 71%|███████   | 27/38 [00:11<00:04,  2.42it/s]
 74%|███████▎  | 28/38 [00:11<00:04,  2.42it/s]
 76%|███████▋  | 29/38 [00:12<00:03,  2.42it/s]
Batch 30/38 - Loss: 0.9949

 79%|███████▉  | 30/38 [00:12<00:03,  2.42it/s]
 82%|████████▏ | 31/38 [00:12<00:02,  2.43it/s]
 84%|████████▍ | 32/38 [00:13<00:02,  2.43it/s]
 87%|████████▋ | 33/38 [00:13<00:02,  2.43it/s]
 89%|████████▉ | 34/38 [00:14<00:01,  2.43it/s]
 92%|█████████▏| 35/38 [00:14<00:01,  2.43it/s]
 95%|█████████▍| 36/38 [00:14<00:00,  2.43it/s]
 97%|█████████▋| 37/38 [00:15<00:00,  2.43it/s]
100%|██████████| 38/38 [00:15<00:00,  2.90it/s]
100%|██████████| 38/38 [00:15<00:00,  2.44it/s]
Epoch: 5, Macro F1: 0.5288
Epoch 7/10

  0%|          | 0/38 [00:00<?, ?it/s]
  3%|▎         | 1/38 [00:00<00:18,  1.95it/s]
  5%|▌         | 2/38 [00:00<00:16,  2.21it/s]
  8%|▊         | 3/38 [00:01<00:15,  2.30it/s]
 11%|█         | 4/38 [00:01<00:14,  2.35it/s]
 13%|█▎        | 5/38 [00:02<00:13,  2.38it/s]
 16%|█▌        | 6/38 [00:02<00:13,  2.39it/s]
 18%|█▊        | 7/38 [00:02<00:12,  2.40it/s]
 21%|██        | 8/38 [00:03<00:12,  2.40it/s]
 24%|██▎       | 9/38 [00:03<00:12,  2.40it/s]
Batch 10/38 - Loss: 0.9730

 26%|██▋       | 10/38 [00:04<00:11,  2.40it/s]
 29%|██▉       | 11/38 [00:04<00:11,  2.41it/s]
 32%|███▏      | 12/38 [00:05<00:10,  2.41it/s]
 34%|███▍      | 13/38 [00:05<00:10,  2.41it/s]
 37%|███▋      | 14/38 [00:05<00:09,  2.41it/s]
 39%|███▉      | 15/38 [00:06<00:09,  2.41it/s]
 42%|████▏     | 16/38 [00:06<00:09,  2.41it/s]
 45%|████▍     | 17/38 [00:07<00:08,  2.41it/s]
 47%|████▋     | 18/38 [00:07<00:08,  2.39it/s]
 50%|█████     | 19/38 [00:07<00:07,  2.40it/s]
Batch 20/38 - Loss: 0.9582

 53%|█████▎    | 20/38 [00:08<00:07,  2.40it/s]
 55%|█████▌    | 21/38 [00:08<00:07,  2.40it/s]
 58%|█████▊    | 22/38 [00:09<00:06,  2.41it/s]
 61%|██████    | 23/38 [00:09<00:06,  2.40it/s]
 63%|██████▎   | 24/38 [00:10<00:05,  2.40it/s]
 66%|██████▌   | 25/38 [00:10<00:05,  2.40it/s]
 68%|██████▊   | 26/38 [00:10<00:04,  2.41it/s]
 71%|███████   | 27/38 [00:11<00:04,  2.41it/s]
 74%|███████▎  | 28/38 [00:11<00:04,  2.41it/s]
 76%|███████▋  | 29/38 [00:12<00:03,  2.41it/s]
Batch 30/38 - Loss: 0.9656

 79%|███████▉  | 30/38 [00:12<00:03,  2.41it/s]
 82%|████████▏ | 31/38 [00:12<00:02,  2.41it/s]
 84%|████████▍ | 32/38 [00:13<00:02,  2.41it/s]
 87%|████████▋ | 33/38 [00:13<00:02,  2.41it/s]
 89%|████████▉ | 34/38 [00:14<00:01,  2.41it/s]
 92%|█████████▏| 35/38 [00:14<00:01,  2.42it/s]
 95%|█████████▍| 36/38 [00:15<00:00,  2.42it/s]
 97%|█████████▋| 37/38 [00:15<00:00,  2.42it/s]
100%|██████████| 38/38 [00:15<00:00,  2.90it/s]
100%|██████████| 38/38 [00:15<00:00,  2.42it/s]
Epoch: 6, Macro F1: 0.5623
Epoch 8/10

  0%|          | 0/38 [00:00<?, ?it/s]
  3%|▎         | 1/38 [00:00<00:26,  1.39it/s]
  5%|▌         | 2/38 [00:01<00:19,  1.85it/s]
  8%|▊         | 3/38 [00:01<00:16,  2.08it/s]
 11%|█         | 4/38 [00:01<00:15,  2.21it/s]
 13%|█▎        | 5/38 [00:02<00:14,  2.28it/s]
 16%|█▌        | 6/38 [00:02<00:13,  2.33it/s]
 18%|█▊        | 7/38 [00:03<00:13,  2.36it/s]
 21%|██        | 8/38 [00:03<00:12,  2.38it/s]
 24%|██▎       | 9/38 [00:04<00:12,  2.40it/s]
Batch 10/38 - Loss: 0.9065

 26%|██▋       | 10/38 [00:04<00:11,  2.40it/s]
 29%|██▉       | 11/38 [00:04<00:11,  2.41it/s]
 32%|███▏      | 12/38 [00:05<00:10,  2.42it/s]
 34%|███▍      | 13/38 [00:05<00:10,  2.42it/s]
 37%|███▋      | 14/38 [00:06<00:09,  2.42it/s]
 39%|███▉      | 15/38 [00:06<00:09,  2.43it/s]
 42%|████▏     | 16/38 [00:06<00:09,  2.43it/s]
 45%|████▍     | 17/38 [00:07<00:08,  2.43it/s]
 47%|████▋     | 18/38 [00:07<00:08,  2.43it/s]
 50%|█████     | 19/38 [00:08<00:07,  2.43it/s]
Batch 20/38 - Loss: 0.9281

 53%|█████▎    | 20/38 [00:08<00:07,  2.43it/s]
 55%|█████▌    | 21/38 [00:08<00:06,  2.43it/s]
 58%|█████▊    | 22/38 [00:09<00:06,  2.43it/s]
 61%|██████    | 23/38 [00:09<00:06,  2.43it/s]
 63%|██████▎   | 24/38 [00:10<00:05,  2.43it/s]
 66%|██████▌   | 25/38 [00:10<00:05,  2.43it/s]
 68%|██████▊   | 26/38 [00:11<00:04,  2.43it/s]
 71%|███████   | 27/38 [00:11<00:04,  2.43it/s]
 74%|███████▎  | 28/38 [00:11<00:04,  2.43it/s]
 76%|███████▋  | 29/38 [00:12<00:03,  2.43it/s]
Batch 30/38 - Loss: 0.9291

 79%|███████▉  | 30/38 [00:12<00:03,  2.43it/s]
 82%|████████▏ | 31/38 [00:13<00:02,  2.43it/s]
 84%|████████▍ | 32/38 [00:13<00:02,  2.43it/s]
 87%|████████▋ | 33/38 [00:13<00:02,  2.42it/s]
 89%|████████▉ | 34/38 [00:14<00:01,  2.42it/s]
 92%|█████████▏| 35/38 [00:14<00:01,  2.42it/s]
 95%|█████████▍| 36/38 [00:15<00:00,  2.42it/s]
 97%|█████████▋| 37/38 [00:15<00:00,  2.42it/s]
100%|██████████| 38/38 [00:15<00:00,  2.88it/s]
100%|██████████| 38/38 [00:15<00:00,  2.40it/s]
Epoch: 7, Macro F1: 0.5477
Epoch 9/10

  0%|          | 0/38 [00:00<?, ?it/s]
  3%|▎         | 1/38 [00:00<00:19,  1.94it/s]
  5%|▌         | 2/38 [00:00<00:16,  2.20it/s]
  8%|▊         | 3/38 [00:01<00:15,  2.27it/s]
 11%|█         | 4/38 [00:01<00:14,  2.32it/s]
 13%|█▎        | 5/38 [00:02<00:13,  2.36it/s]
 16%|█▌        | 6/38 [00:02<00:13,  2.38it/s]
 18%|█▊        | 7/38 [00:03<00:12,  2.40it/s]
 21%|██        | 8/38 [00:03<00:12,  2.41it/s]
 24%|██▎       | 9/38 [00:03<00:12,  2.41it/s]
Batch 10/38 - Loss: 0.9551

 26%|██▋       | 10/38 [00:04<00:11,  2.41it/s]
 29%|██▉       | 11/38 [00:04<00:11,  2.41it/s]
 32%|███▏      | 12/38 [00:05<00:10,  2.41it/s]
 34%|███▍      | 13/38 [00:05<00:10,  2.41it/s]
 37%|███▋      | 14/38 [00:05<00:09,  2.41it/s]
 39%|███▉      | 15/38 [00:06<00:09,  2.41it/s]
 42%|████▏     | 16/38 [00:06<00:09,  2.41it/s]
 45%|████▍     | 17/38 [00:07<00:08,  2.41it/s]
 47%|████▋     | 18/38 [00:07<00:08,  2.41it/s]
 50%|█████     | 19/38 [00:07<00:07,  2.41it/s]
Batch 20/38 - Loss: 0.9635

 53%|█████▎    | 20/38 [00:08<00:07,  2.41it/s]
 55%|█████▌    | 21/38 [00:08<00:07,  2.41it/s]
 58%|█████▊    | 22/38 [00:09<00:06,  2.41it/s]
 61%|██████    | 23/38 [00:09<00:06,  2.41it/s]
 63%|██████▎   | 24/38 [00:10<00:05,  2.42it/s]
 66%|██████▌   | 25/38 [00:10<00:05,  2.42it/s]
 68%|██████▊   | 26/38 [00:10<00:04,  2.42it/s]
 71%|███████   | 27/38 [00:11<00:04,  2.43it/s]
 74%|███████▎  | 28/38 [00:11<00:04,  2.43it/s]
 76%|███████▋  | 29/38 [00:12<00:03,  2.43it/s]
Batch 30/38 - Loss: 0.9219

 79%|███████▉  | 30/38 [00:12<00:03,  2.43it/s]
 82%|████████▏ | 31/38 [00:12<00:02,  2.43it/s]
 84%|████████▍ | 32/38 [00:13<00:02,  2.43it/s]
 87%|████████▋ | 33/38 [00:13<00:02,  2.43it/s]
 89%|████████▉ | 34/38 [00:14<00:01,  2.43it/s]
 92%|█████████▏| 35/38 [00:14<00:01,  2.43it/s]
 95%|█████████▍| 36/38 [00:14<00:00,  2.43it/s]
 97%|█████████▋| 37/38 [00:15<00:00,  2.43it/s]
100%|██████████| 38/38 [00:15<00:00,  2.90it/s]
100%|██████████| 38/38 [00:15<00:00,  2.43it/s]
Epoch: 8, Macro F1: 0.5766
Epoch 10/10

  0%|          | 0/38 [00:00<?, ?it/s]
  3%|▎         | 1/38 [00:00<00:23,  1.61it/s]
  5%|▌         | 2/38 [00:01<00:17,  2.00it/s]
  8%|▊         | 3/38 [00:01<00:16,  2.18it/s]
 11%|█         | 4/38 [00:01<00:14,  2.27it/s]
 13%|█▎        | 5/38 [00:02<00:14,  2.33it/s]
 16%|█▌        | 6/38 [00:02<00:13,  2.36it/s]
 18%|█▊        | 7/38 [00:03<00:13,  2.38it/s]
 21%|██        | 8/38 [00:03<00:12,  2.40it/s]
 24%|██▎       | 9/38 [00:03<00:12,  2.41it/s]
Batch 10/38 - Loss: 0.9113

 26%|██▋       | 10/38 [00:04<00:11,  2.40it/s]
 29%|██▉       | 11/38 [00:04<00:11,  2.41it/s]
 32%|███▏      | 12/38 [00:05<00:10,  2.41it/s]
 34%|███▍      | 13/38 [00:05<00:10,  2.41it/s]
 37%|███▋      | 14/38 [00:05<00:09,  2.41it/s]
 39%|███▉      | 15/38 [00:06<00:09,  2.41it/s]
 42%|████▏     | 16/38 [00:06<00:09,  2.41it/s]
 45%|████▍     | 17/38 [00:07<00:08,  2.41it/s]
 47%|████▋     | 18/38 [00:07<00:08,  2.41it/s]
 50%|█████     | 19/38 [00:08<00:07,  2.41it/s]
Batch 20/38 - Loss: 0.9059

 53%|█████▎    | 20/38 [00:08<00:07,  2.41it/s]
 55%|█████▌    | 21/38 [00:08<00:07,  2.41it/s]
 58%|█████▊    | 22/38 [00:09<00:06,  2.41it/s]
 61%|██████    | 23/38 [00:09<00:06,  2.41it/s]
 63%|██████▎   | 24/38 [00:10<00:05,  2.42it/s]
 66%|██████▌   | 25/38 [00:10<00:05,  2.42it/s]
 68%|██████▊   | 26/38 [00:10<00:04,  2.42it/s]
 71%|███████   | 27/38 [00:11<00:04,  2.43it/s]
 74%|███████▎  | 28/38 [00:11<00:04,  2.43it/s]
 76%|███████▋  | 29/38 [00:12<00:03,  2.43it/s]
Batch 30/38 - Loss: 0.8939

 79%|███████▉  | 30/38 [00:12<00:03,  2.43it/s]
 82%|████████▏ | 31/38 [00:13<00:02,  2.43it/s]
 84%|████████▍ | 32/38 [00:13<00:02,  2.43it/s]
 87%|████████▋ | 33/38 [00:13<00:02,  2.43it/s]
 89%|████████▉ | 34/38 [00:14<00:01,  2.43it/s]
 92%|█████████▏| 35/38 [00:14<00:01,  2.43it/s]
 95%|█████████▍| 36/38 [00:15<00:00,  2.43it/s]
 97%|█████████▋| 37/38 [00:15<00:00,  2.43it/s]
100%|██████████| 38/38 [00:15<00:00,  2.90it/s]
100%|██████████| 38/38 [00:15<00:00,  2.41it/s]
Epoch: 9, Macro F1: 0.5703
Model saved with the best Macro-F1 score for eval set: 0.5766

  Round 1 topk pseudo labeled unknown evalutaion: 
  Accuracy        = 0.7840
  Macro F1        = 0.7247
  F1 (pos)        = 0.5970
  Precision (pos) = 0.5128
  Recall (pos)    = 0.7143
  Roc Auc         = 0.7592

  Round 1 test set evalutaion: 
  Accuracy = 0.6600
  Macro F1 = 0.5952
  Roc AUC = 0.5963
  F1 (pos) = 0.4333
  Precision (pos) = 0.5652
  Recall (pos) = 0.3514